        -:    0:Source:/cygdrive/c/Users/PC/OneDrive - stud.h-da.de/PRAKTIKUM/Software Engineering/CocktailPro/src/main/BarTender.cpp
        -:    0:Graph:/cygdrive/c/Users/PC/OneDrive - stud.h-da.de/PRAKTIKUM/Software Engineering/CocktailPro/cmake-build-debug-cygwin/CMakeFiles/CocktailProSource.dir/src/main/BarTender.cpp.gcno
        -:    0:Data:/cygdrive/c/Users/PC/OneDrive - stud.h-da.de/PRAKTIKUM/Software Engineering/CocktailPro/cmake-build-debug-cygwin/CMakeFiles/CocktailProSource.dir/src/main/BarTender.cpp.gcda
        -:    0:Runs:1
        -:    1://@(#) BarTender.cpp
        -:    2:
        -:    3:
        -:    4:#include "BarTender.h"
        -:    5:
function _ZN9BarTenderC2EP15DeviceVerwalter called 19 returned 100% blocks executed 100%
       19:    6:BarTender::BarTender(DeviceVerwalter * dv) {
       19:    7:    myDeviceVerwalter = dv;
       19:    8:}
        -:    9:
        -:   10://prepare cocktail with the given recipe
function _ZN9BarTender18cocktailZubereitenEP6Recipe called 28 returned 100% blocks executed 83%
       28:   11:bool BarTender::cocktailZubereiten(Recipe * rzpt) {
        -:   12:    //std::system("clear");
       28:   13:    std::cout << "Hallo, ich bin der BarTender!" << std::endl
       28:   13-block  0
call    0 returned 28
call    1 returned 28
       56:   14:              << "Ich habe Ihre Bestellung: " << rzpt->getName() << " erhalten." << std::endl
call    0 returned 28
call    1 returned 28
call    2 returned 28
branch  3 taken 28 (fallthrough)
branch  4 taken 0 (throw)
       28:   14-block  0
call    5 returned 28
branch  6 taken 28 (fallthrough)
branch  7 taken 0 (throw)
       28:   14-block  1
call    8 returned 28
branch  9 taken 28 (fallthrough)
branch 10 taken 0 (throw)
       28:   14-block  2
call   11 returned 28
    $$$$$:   14-block  3
call   12 never executed
    $$$$$:   14-block  4
call   13 never executed
       28:   15:              << "Jetzt geht es los!\n" << std::endl;
       28:   15-block  0
call    0 returned 28
branch  1 taken 28 (fallthrough)
branch  2 taken 0 (throw)
       28:   15-block  1
call    3 returned 28
branch  4 taken 28 (fallthrough)
branch  5 taken 0 (throw)
        -:   16:    int i;
      189:   17:    for (i = 0; i < rzpt->getNoOfRecipeSteps(); i++) {
      189:   17-block  0
call    0 returned 189
branch  1 taken 161
branch  2 taken 28 (fallthrough)
      161:   18:        RecipeStep * schritt = rzpt->getRecipeStep(i);
      161:   18-block  0
call    0 returned 161
branch  1 taken 161 (fallthrough)
branch  2 taken 0 (throw)
      161:   19:        std::string zutat = schritt->getZutat();
      161:   19-block  0
call    0 returned 161
branch  1 taken 161 (fallthrough)
branch  2 taken 0 (throw)
      161:   20:        float menge = schritt->getMenge();
      161:   20-block  0
call    0 returned 161
branch  1 taken 161 (fallthrough)
branch  2 taken 0 (throw)
      161:   21:        std::cout << "Rezeptschritt: " << zutat << ", " << menge << std::endl;
      161:   21-block  0
call    0 returned 161
branch  1 taken 161 (fallthrough)
branch  2 taken 0 (throw)
      161:   21-block  1
call    3 returned 161
branch  4 taken 161 (fallthrough)
branch  5 taken 0 (throw)
      161:   21-block  2
call    6 returned 161
branch  7 taken 161 (fallthrough)
branch  8 taken 0 (throw)
      161:   21-block  3
call    9 returned 161
branch 10 taken 161 (fallthrough)
branch 11 taken 0 (throw)
      161:   21-block  4
call   12 returned 161
branch 13 taken 161 (fallthrough)
branch 14 taken 0 (throw)
      161:   22:        myDeviceVerwalter->rezeptSchrittZubereiten(zutat, menge);
      161:   22-block  0
call    0 returned 161
branch  1 taken 161 (fallthrough)
branch  2 taken 0 (throw)
      161:   22-block  1
call    3 returned 161
branch  4 taken 161 (fallthrough)
branch  5 taken 0 (throw)
      161:   22-block  2
call    6 returned 161
    $$$$$:   22-block  3
call    7 never executed
    $$$$$:   22-block  4
      161:   23:    }
call    0 returned 161
    $$$$$:   23-block  0
call    1 never executed
       28:   24:    myDeviceVerwalter->myEntleerer->doIt(i);
       28:   24-block  0
call    0 returned 28
        -:   25:
       28:   26:    for (std::map<std::string, InternalDevice *>::iterator i1 = myDeviceVerwalter->myDevices->begin();
call    0 returned 28
      504:   27:         i1 != myDeviceVerwalter->myDevices->end(); ++i1) {
      476:   27-block  0
call    0 returned 476
      504:   27-block  1
call    1 returned 504
call    2 returned 504
branch  3 taken 476
branch  4 taken 28 (fallthrough)
      476:   28:        if(checkIfInRecipeSteps(i1->first, rzpt)) {
      476:   28-block  0
call    0 returned 476
call    1 returned 476
branch  2 taken 476 (fallthrough)
branch  3 taken 0 (throw)
      476:   28-block  1
branch  4 taken 161 (fallthrough)
branch  5 taken 315
      161:   29:            std::cout << "Device mit der Aktion: " << i1->first << " wird jetzt geputzt: " << std::endl;
      161:   29-block  0
call    0 returned 161
branch  1 taken 161 (fallthrough)
branch  2 taken 0 (throw)
      161:   29-block  1
call    3 returned 161
call    4 returned 161
branch  5 taken 161 (fallthrough)
branch  6 taken 0 (throw)
      161:   29-block  2
call    7 returned 161
branch  8 taken 161 (fallthrough)
branch  9 taken 0 (throw)
      161:   29-block  3
call   10 returned 161
branch 11 taken 161 (fallthrough)
branch 12 taken 0 (throw)
      161:   30:            i1->second->putzen();
      161:   30-block  0
call    0 returned 161
call    1 returned 161
branch  2 taken 161 (fallthrough)
branch  3 taken 0 (throw)
        -:   31:        }
        -:   32:    }
       28:   33:    return (true);
       28:   33-block  0
       28:   33-block  1
        -:   34:}
        -:   35:
function _ZN9BarTender20checkIfInRecipeStepsERKSsP6Recipe called 478 returned 100% blocks executed 100%
      478:   36:bool BarTender::checkIfInRecipeSteps(const std::string &name, Recipe *rzpt) {
     2676:   37:    for(int i = 0; i<rzpt->getNoOfRecipeSteps();++i){
      478:   37-block  0
     2198:   37-block  1
     2676:   37-block  2
call    0 returned 2676
branch  1 taken 2360
branch  2 taken 316 (fallthrough)
     2360:   38:        if(rzpt->getRecipeStep(i)->getZutat() == name) return true;
     2360:   38-block  0
call    0 returned 2360
call    1 returned 2360
call    2 returned 2360
call    3 returned 2360
branch  4 taken 162 (fallthrough)
branch  5 taken 2198
      162:   38-block  1
        -:   39:    }
      316:   40:    return false;
      316:   40-block  0
        -:   41:}
        -:   42:
