        -:    0:Source:/cygdrive/c/Users/PC/OneDrive - stud.h-da.de/PRAKTIKUM/Software Engineering/CocktailPro/src/test/InternalDevice_Test.cpp
        -:    0:Graph:/cygdrive/c/Users/PC/OneDrive - stud.h-da.de/PRAKTIKUM/Software Engineering/CocktailPro/cmake-build-debug-cygwin/CMakeFiles/CocktailProTest.dir/src/test/InternalDevice_Test.cpp.gcno
        -:    0:Data:/cygdrive/c/Users/PC/OneDrive - stud.h-da.de/PRAKTIKUM/Software Engineering/CocktailPro/cmake-build-debug-cygwin/CMakeFiles/CocktailProTest.dir/src/test/InternalDevice_Test.cpp.gcda
        -:    0:Runs:1
        -:    1://
        -:    2:// Created by trung on 12/1/22.
        -:    3://
        -:    4:
        -:    5:
        -:    6:#include <string>
        -:    7:#include "gtest/gtest.h"
        -:    8:
        -:    9:#define protected public
        -:   10:#define private public
        -:   11:#include "InternalDevice.h"
        -:   12:#include "Mixer.h"
        -:   13:#undef protected
        -:   14:#undef private
        -:   15:
        -:   16:#include <sstream>
        -:   17:
        -:   18:class InternalDeviceTest: public ::testing::Test
        -:   19:{
        -:   20:protected:
        -:   21:    InternalDevice * internalDevice;
        -:   22:    std::basic_streambuf<char>* orig_cout;
        -:   23:    std::stringstream test_cout;
        -:   24:
function _ZN18InternalDeviceTest5SetUpEv called 1 returned 100% blocks executed 89%
        1:   25:    void SetUp() override
        -:   26:    {
        1:   27:        std::cout << "Start of " << "InternalDeviceTest" << std::endl << std::flush;
        1:   27-block  0
call    0 returned 1
call    1 returned 1
call    2 returned 1
call    3 returned 1
        -:   28:
        -:   29:
        1:   30:        internalDevice = new Mixer();
call    0 returned 1
call    1 returned 1
branch  2 taken 1 (fallthrough)
branch  3 taken 0 (throw)
    $$$$$:   30-block  0
call    4 never executed
        -:   31:
        1:   32:    }
        1:   32-block  0
        -:   33:
function _ZN18InternalDeviceTest8TearDownEv called 1 returned 100% blocks executed 100%
        1:   34:    virtual void TearDown()
        -:   35:    {
        1:   36:        delete internalDevice;
        1:   36-block  0
branch  0 taken 1 (fallthrough)
branch  1 taken 0
        1:   36-block  1
call    2 returned 1
        -:   37:
        1:   38:        std::cout << "End of " << "DispenserTest" << std::endl << std::flush;
        1:   38-block  0
call    0 returned 1
call    1 returned 1
call    2 returned 1
call    3 returned 1
        1:   39:    }
        -:   40:};
        -:   41:
        4:   42:TEST_F(InternalDeviceTest, putzenTest){
        1:   43:    internalDevice->putzen();
       1*:   44:    EXPECT_EQ(false, internalDevice->needsCleaning);
        1:   45:}
------------------
_ZN34InternalDeviceTest_putzenTest_TestC1Ev:
function _ZN34InternalDeviceTest_putzenTest_TestC1Ev called 1 returned 100% blocks executed 100%
        1:   42:TEST_F(InternalDeviceTest, putzenTest){
        1:   42-block  0
call    0 returned 1
------------------
_ZN34InternalDeviceTest_putzenTest_TestD0Ev:
function _ZN34InternalDeviceTest_putzenTest_TestD0Ev called 1 returned 100% blocks executed 100%
        1:   42:TEST_F(InternalDeviceTest, putzenTest){
        1:   42-block  0
call    0 returned 1
call    1 returned 1
------------------
_ZN34InternalDeviceTest_putzenTest_TestD1Ev:
function _ZN34InternalDeviceTest_putzenTest_TestD1Ev called 1 returned 100% blocks executed 100%
        1:   42:TEST_F(InternalDeviceTest, putzenTest){
        1:   42-block  0
call    0 returned 1
------------------
_ZN34InternalDeviceTest_putzenTest_Test8TestBodyEv:
function _ZN34InternalDeviceTest_putzenTest_Test8TestBodyEv called 1 returned 100% blocks executed 29%
        1:   42:TEST_F(InternalDeviceTest, putzenTest){
        1:   43:    internalDevice->putzen();
        1:   43-block  0
call    0 returned 1
       1*:   44:    EXPECT_EQ(false, internalDevice->needsCleaning);
call    0 returned 1
branch  1 taken 1 (fallthrough)
branch  2 taken 0 (throw)
        1:   44-block  0
call    3 returned 1
branch  4 taken 0 (fallthrough)
branch  5 taken 1
    %%%%%:   44-block  1
call    6 never executed
branch  7 never executed
branch  8 never executed
    %%%%%:   44-block  2
call    9 never executed
call   10 never executed
branch 11 never executed
branch 12 never executed
    %%%%%:   44-block  3
call   13 never executed
branch 14 never executed
branch 15 never executed
    %%%%%:   44-block  4
call   16 never executed
call   17 never executed
        1:   44-block  5
call   18 returned 1
    $$$$$:   44-block  6
    $$$$$:   44-block  7
call   19 never executed
    $$$$$:   44-block  8
    $$$$$:   44-block  9
call   20 never executed
    $$$$$:   44-block 10
    $$$$$:   44-block 11
call   21 never executed
        1:   45:}
------------------
