        -:    0:Source:/cygdrive/c/Users/PC/OneDrive - stud.h-da.de/PRAKTIKUM/Software Engineering/CocktailPro/src/test/Mixer_Test.cpp
        -:    0:Graph:/cygdrive/c/Users/PC/OneDrive - stud.h-da.de/PRAKTIKUM/Software Engineering/CocktailPro/cmake-build-debug-cygwin/CMakeFiles/CocktailProTest.dir/src/test/Mixer_Test.cpp.gcno
        -:    0:Data:/cygdrive/c/Users/PC/OneDrive - stud.h-da.de/PRAKTIKUM/Software Engineering/CocktailPro/cmake-build-debug-cygwin/CMakeFiles/CocktailProTest.dir/src/test/Mixer_Test.cpp.gcda
        -:    0:Runs:1
        -:    1://
        -:    2:// Created by trung on 12/1/22.
        -:    3://
        -:    4:#include <limits.h>
        -:    5:#include <string>
        -:    6:#include "gtest/gtest.h"
        -:    7:
        -:    8:#define protected public
        -:    9:#define private public
        -:   10:#include "Mixer.h"
        -:   11:#undef protected
        -:   12:#undef private
        -:   13:
        -:   14:#include <sstream>
        -:   15:
        -:   16:class MixerTest: public ::testing::Test
        -:   17:{
        -:   18:protected:
        -:   19:    Timer * timer;
        -:   20:    Mixer * mixer;
        -:   21:    std::basic_streambuf<char>* orig_cout;
        -:   22:    std::stringstream test_cout;
        -:   23:
function _ZN9MixerTest5SetUpEv called 1 returned 100% blocks executed 90%
        1:   24:    void SetUp() override
        -:   25:    {
        1:   26:        std::cout << "Start of " << "MixerTest" << std::endl << std::flush;
        1:   26-block  0
call    0 returned 1
call    1 returned 1
call    2 returned 1
call    3 returned 1
        1:   27:        timer = Timer::getInstance();
call    0 returned 1
        1:   28:        mixer = new Mixer();
call    0 returned 1
call    1 returned 1
branch  2 taken 1 (fallthrough)
branch  3 taken 0 (throw)
    $$$$$:   28-block  0
call    4 never executed
        -:   29:
        1:   30:    }
        1:   30-block  0
        -:   31:
function _ZN9MixerTest8TearDownEv called 1 returned 100% blocks executed 100%
        1:   32:    virtual void TearDown()
        -:   33:    {
        1:   34:        delete mixer;
        1:   34-block  0
branch  0 taken 1 (fallthrough)
branch  1 taken 0
        1:   34-block  1
call    2 returned 1
        -:   35:
        1:   36:        std::cout << "End of " << "MixerTest" << std::endl << std::flush;
        1:   36-block  0
call    0 returned 1
call    1 returned 1
call    2 returned 1
call    3 returned 1
        1:   37:    }
        -:   38:};
        -:   39:
        -:   40:
        4:   41:TEST_F(MixerTest, doItTest){
        1:   42:    mixer->doIt(1);
       1*:   43:    EXPECT_EQ(true, mixer->needsCleaning);
        1:   44:}
------------------
_ZN23MixerTest_doItTest_TestC1Ev:
function _ZN23MixerTest_doItTest_TestC1Ev called 1 returned 100% blocks executed 100%
        1:   41:TEST_F(MixerTest, doItTest){
        1:   41-block  0
call    0 returned 1
------------------
_ZN23MixerTest_doItTest_TestD0Ev:
function _ZN23MixerTest_doItTest_TestD0Ev called 1 returned 100% blocks executed 100%
        1:   41:TEST_F(MixerTest, doItTest){
        1:   41-block  0
call    0 returned 1
call    1 returned 1
------------------
_ZN23MixerTest_doItTest_TestD1Ev:
function _ZN23MixerTest_doItTest_TestD1Ev called 1 returned 100% blocks executed 100%
        1:   41:TEST_F(MixerTest, doItTest){
        1:   41-block  0
call    0 returned 1
------------------
_ZN23MixerTest_doItTest_Test8TestBodyEv:
function _ZN23MixerTest_doItTest_Test8TestBodyEv called 1 returned 100% blocks executed 29%
        1:   41:TEST_F(MixerTest, doItTest){
        1:   42:    mixer->doIt(1);
        1:   42-block  0
call    0 returned 1
       1*:   43:    EXPECT_EQ(true, mixer->needsCleaning);
call    0 returned 1
branch  1 taken 1 (fallthrough)
branch  2 taken 0 (throw)
        1:   43-block  0
call    3 returned 1
branch  4 taken 0 (fallthrough)
branch  5 taken 1
    %%%%%:   43-block  1
call    6 never executed
branch  7 never executed
branch  8 never executed
    %%%%%:   43-block  2
call    9 never executed
call   10 never executed
branch 11 never executed
branch 12 never executed
    %%%%%:   43-block  3
call   13 never executed
branch 14 never executed
branch 15 never executed
    %%%%%:   43-block  4
call   16 never executed
call   17 never executed
        1:   43-block  5
call   18 returned 1
    $$$$$:   43-block  6
    $$$$$:   43-block  7
call   19 never executed
    $$$$$:   43-block  8
    $$$$$:   43-block  9
call   20 never executed
    $$$$$:   43-block 10
    $$$$$:   43-block 11
call   21 never executed
        1:   44:}
------------------
