        -:    0:Source:/cygdrive/c/Users/PC/OneDrive - stud.h-da.de/PRAKTIKUM/Software Engineering/CocktailPro/src/main/RecipeBook.cpp
        -:    0:Graph:/cygdrive/c/Users/PC/OneDrive - stud.h-da.de/PRAKTIKUM/Software Engineering/CocktailPro/cmake-build-debug-cygwin/CMakeFiles/CocktailProSource.dir/src/main/RecipeBook.cpp.gcno
        -:    0:Data:/cygdrive/c/Users/PC/OneDrive - stud.h-da.de/PRAKTIKUM/Software Engineering/CocktailPro/cmake-build-debug-cygwin/CMakeFiles/CocktailProSource.dir/src/main/RecipeBook.cpp.gcda
        -:    0:Runs:1
        -:    1:#include <algorithm>
        -:    2:#include "RecipeBook.h"
        -:    3:
function _ZN10RecipeBook19getCaipirinhaRecipeEv called 0 returned 0% blocks executed 0%
    #####:    4:Recipe* RecipeBook::getCaipirinhaRecipe(){
    #####:    5:    auto* recipe = new Recipe();
    %%%%%:    5-block  0
call    0 never executed
call    1 never executed
branch  2 never executed
branch  3 never executed
    $$$$$:    5-block  1
call    4 never executed
    #####:    6:    recipe->setName("Caipirinha");
    %%%%%:    6-block  0
call    0 never executed
call    1 never executed
branch  2 never executed
branch  3 never executed
    %%%%%:    6-block  1
call    4 never executed
branch  5 never executed
branch  6 never executed
    %%%%%:    6-block  2
call    7 never executed
call    8 never executed
    $$$$$:    6-block  3
call    9 never executed
    $$$$$:    6-block  4
    $$$$$:    6-block  5
call   10 never executed
    $$$$$:    6-block  6
call   11 never executed
    #####:    7:    recipe->appendStep("Limettenstuecke", 8);
call    0 never executed
call    1 never executed
branch  2 never executed
branch  3 never executed
    %%%%%:    7-block  0
call    4 never executed
branch  5 never executed
branch  6 never executed
    %%%%%:    7-block  1
call    7 never executed
call    8 never executed
    $$$$$:    7-block  2
call    9 never executed
    $$$$$:    7-block  3
    $$$$$:    7-block  4
call   10 never executed
    $$$$$:    7-block  5
call   11 never executed
    #####:    8:    recipe->appendStep("Zucker", 15);
call    0 never executed
call    1 never executed
branch  2 never executed
branch  3 never executed
    %%%%%:    8-block  0
call    4 never executed
branch  5 never executed
branch  6 never executed
    %%%%%:    8-block  1
call    7 never executed
call    8 never executed
    $$$$$:    8-block  2
call    9 never executed
    $$$$$:    8-block  3
    $$$$$:    8-block  4
call   10 never executed
    $$$$$:    8-block  5
call   11 never executed
    #####:    9:    recipe->appendStep("Stampfen", 20);
call    0 never executed
call    1 never executed
branch  2 never executed
branch  3 never executed
    %%%%%:    9-block  0
call    4 never executed
branch  5 never executed
branch  6 never executed
    %%%%%:    9-block  1
call    7 never executed
call    8 never executed
    $$$$$:    9-block  2
call    9 never executed
    $$$$$:    9-block  3
    $$$$$:    9-block  4
call   10 never executed
    $$$$$:    9-block  5
call   11 never executed
    #####:   10:    recipe->appendStep("Eis", 90);
call    0 never executed
call    1 never executed
branch  2 never executed
branch  3 never executed
    %%%%%:   10-block  0
call    4 never executed
branch  5 never executed
branch  6 never executed
    %%%%%:   10-block  1
call    7 never executed
call    8 never executed
    $$$$$:   10-block  2
call    9 never executed
    $$$$$:   10-block  3
    $$$$$:   10-block  4
call   10 never executed
    $$$$$:   10-block  5
call   11 never executed
    #####:   11:    recipe->appendStep("Cachaca", 5);
call    0 never executed
call    1 never executed
branch  2 never executed
branch  3 never executed
    %%%%%:   11-block  0
call    4 never executed
branch  5 never executed
branch  6 never executed
    %%%%%:   11-block  1
call    7 never executed
call    8 never executed
    $$$$$:   11-block  2
call    9 never executed
    $$$$$:   11-block  3
    $$$$$:   11-block  4
call   10 never executed
    $$$$$:   11-block  5
call   11 never executed
    #####:   12:    recipe->appendStep("Mischen", 10);
call    0 never executed
call    1 never executed
branch  2 never executed
branch  3 never executed
    %%%%%:   12-block  0
call    4 never executed
branch  5 never executed
branch  6 never executed
    %%%%%:   12-block  1
call    7 never executed
call    8 never executed
    $$$$$:   12-block  2
call    9 never executed
    $$$$$:   12-block  3
    $$$$$:   12-block  4
call   10 never executed
    #####:   13:    return recipe;
    %%%%%:   13-block  0
        -:   14:}
        -:   15:
function _ZN10RecipeBook22getPlantersPunchRecipeEv called 0 returned 0% blocks executed 0%
    #####:   16:Recipe* RecipeBook::getPlantersPunchRecipe(){
    #####:   17:    auto* recipe = new Recipe();
    %%%%%:   17-block  0
call    0 never executed
call    1 never executed
branch  2 never executed
branch  3 never executed
    $$$$$:   17-block  1
call    4 never executed
    #####:   18:    recipe->setName("Planters Punch");
    %%%%%:   18-block  0
call    0 never executed
call    1 never executed
branch  2 never executed
branch  3 never executed
    %%%%%:   18-block  1
call    4 never executed
branch  5 never executed
branch  6 never executed
    %%%%%:   18-block  2
call    7 never executed
call    8 never executed
    $$$$$:   18-block  3
call    9 never executed
    $$$$$:   18-block  4
    $$$$$:   18-block  5
call   10 never executed
    $$$$$:   18-block  6
call   11 never executed
    #####:   19:    recipe->appendStep("Zitronensaft", 2);
call    0 never executed
call    1 never executed
branch  2 never executed
branch  3 never executed
    %%%%%:   19-block  0
call    4 never executed
branch  5 never executed
branch  6 never executed
    %%%%%:   19-block  1
call    7 never executed
call    8 never executed
    $$$$$:   19-block  2
call    9 never executed
    $$$$$:   19-block  3
    $$$$$:   19-block  4
call   10 never executed
    $$$$$:   19-block  5
call   11 never executed
    #####:   20:    recipe->appendStep("Grenadine", 1);
call    0 never executed
call    1 never executed
branch  2 never executed
branch  3 never executed
    %%%%%:   20-block  0
call    4 never executed
branch  5 never executed
branch  6 never executed
    %%%%%:   20-block  1
call    7 never executed
call    8 never executed
    $$$$$:   20-block  2
call    9 never executed
    $$$$$:   20-block  3
    $$$$$:   20-block  4
call   10 never executed
    $$$$$:   20-block  5
call   11 never executed
    #####:   21:    recipe->appendStep("Orangensaft", 8);
call    0 never executed
call    1 never executed
branch  2 never executed
branch  3 never executed
    %%%%%:   21-block  0
call    4 never executed
branch  5 never executed
branch  6 never executed
    %%%%%:   21-block  1
call    7 never executed
call    8 never executed
    $$$$$:   21-block  2
call    9 never executed
    $$$$$:   21-block  3
    $$$$$:   21-block  4
call   10 never executed
    $$$$$:   21-block  5
call   11 never executed
    #####:   22:    recipe->appendStep("Rum braun", 6);
call    0 never executed
call    1 never executed
branch  2 never executed
branch  3 never executed
    %%%%%:   22-block  0
call    4 never executed
branch  5 never executed
branch  6 never executed
    %%%%%:   22-block  1
call    7 never executed
call    8 never executed
    $$$$$:   22-block  2
call    9 never executed
    $$$$$:   22-block  3
    $$$$$:   22-block  4
call   10 never executed
    $$$$$:   22-block  5
call   11 never executed
    #####:   23:    recipe->appendStep("Eis", 100);
call    0 never executed
call    1 never executed
branch  2 never executed
branch  3 never executed
    %%%%%:   23-block  0
call    4 never executed
branch  5 never executed
branch  6 never executed
    %%%%%:   23-block  1
call    7 never executed
call    8 never executed
    $$$$$:   23-block  2
call    9 never executed
    $$$$$:   23-block  3
    $$$$$:   23-block  4
call   10 never executed
    $$$$$:   23-block  5
call   11 never executed
    #####:   24:    recipe->appendStep("Mischen", 20);
call    0 never executed
call    1 never executed
branch  2 never executed
branch  3 never executed
    %%%%%:   24-block  0
call    4 never executed
branch  5 never executed
branch  6 never executed
    %%%%%:   24-block  1
call    7 never executed
call    8 never executed
    $$$$$:   24-block  2
call    9 never executed
    $$$$$:   24-block  3
    $$$$$:   24-block  4
call   10 never executed
    #####:   25:    return recipe;
    %%%%%:   25-block  0
        -:   26:}
        -:   27:
function _ZN10RecipeBook18getMargaritaRecipeEv called 0 returned 0% blocks executed 0%
    #####:   28:Recipe* RecipeBook::getMargaritaRecipe(){
    #####:   29:    auto* recipe = new Recipe;
    %%%%%:   29-block  0
call    0 never executed
call    1 never executed
branch  2 never executed
branch  3 never executed
    $$$$$:   29-block  1
call    4 never executed
    #####:   30:    recipe->setName("Margarita");
    %%%%%:   30-block  0
call    0 never executed
call    1 never executed
branch  2 never executed
branch  3 never executed
    %%%%%:   30-block  1
call    4 never executed
branch  5 never executed
branch  6 never executed
    %%%%%:   30-block  2
call    7 never executed
call    8 never executed
    $$$$$:   30-block  3
call    9 never executed
    $$$$$:   30-block  4
    $$$$$:   30-block  5
call   10 never executed
    $$$$$:   30-block  6
call   11 never executed
    #####:   31:    recipe->appendStep("Zitronensaft", 2);
call    0 never executed
call    1 never executed
branch  2 never executed
branch  3 never executed
    %%%%%:   31-block  0
call    4 never executed
branch  5 never executed
branch  6 never executed
    %%%%%:   31-block  1
call    7 never executed
call    8 never executed
    $$$$$:   31-block  2
call    9 never executed
    $$$$$:   31-block  3
    $$$$$:   31-block  4
call   10 never executed
    $$$$$:   31-block  5
call   11 never executed
    #####:   32:    recipe->appendStep("Cointreau", 2);
call    0 never executed
call    1 never executed
branch  2 never executed
branch  3 never executed
    %%%%%:   32-block  0
call    4 never executed
branch  5 never executed
branch  6 never executed
    %%%%%:   32-block  1
call    7 never executed
call    8 never executed
    $$$$$:   32-block  2
call    9 never executed
    $$$$$:   32-block  3
    $$$$$:   32-block  4
call   10 never executed
    $$$$$:   32-block  5
call   11 never executed
    #####:   33:    recipe->appendStep("Tequilla", 4);
call    0 never executed
call    1 never executed
branch  2 never executed
branch  3 never executed
    %%%%%:   33-block  0
call    4 never executed
branch  5 never executed
branch  6 never executed
    %%%%%:   33-block  1
call    7 never executed
call    8 never executed
    $$$$$:   33-block  2
call    9 never executed
    $$$$$:   33-block  3
    $$$$$:   33-block  4
call   10 never executed
    $$$$$:   33-block  5
call   11 never executed
    #####:   34:    recipe->appendStep("Eis", 50);
call    0 never executed
call    1 never executed
branch  2 never executed
branch  3 never executed
    %%%%%:   34-block  0
call    4 never executed
branch  5 never executed
branch  6 never executed
    %%%%%:   34-block  1
call    7 never executed
call    8 never executed
    $$$$$:   34-block  2
call    9 never executed
    $$$$$:   34-block  3
    $$$$$:   34-block  4
call   10 never executed
    $$$$$:   34-block  5
call   11 never executed
    #####:   35:    recipe->appendStep("Mischen", 20);
call    0 never executed
call    1 never executed
branch  2 never executed
branch  3 never executed
    %%%%%:   35-block  0
call    4 never executed
branch  5 never executed
branch  6 never executed
    %%%%%:   35-block  1
call    7 never executed
call    8 never executed
    $$$$$:   35-block  2
call    9 never executed
    $$$$$:   35-block  3
    $$$$$:   35-block  4
call   10 never executed
    #####:   36:    return recipe;
    %%%%%:   36-block  0
        -:   37:}
        -:   38:
        -:   39:
function _ZN10RecipeBook17getDaiquiriRecipeEv called 0 returned 0% blocks executed 0%
    #####:   40:Recipe* RecipeBook::getDaiquiriRecipe(){
    #####:   41:    auto* recipe = new Recipe;
    %%%%%:   41-block  0
call    0 never executed
call    1 never executed
branch  2 never executed
branch  3 never executed
    $$$$$:   41-block  1
call    4 never executed
    #####:   42:    recipe->setName("Daiquiri");
    %%%%%:   42-block  0
call    0 never executed
call    1 never executed
branch  2 never executed
branch  3 never executed
    %%%%%:   42-block  1
call    4 never executed
branch  5 never executed
branch  6 never executed
    %%%%%:   42-block  2
call    7 never executed
call    8 never executed
    $$$$$:   42-block  3
call    9 never executed
    $$$$$:   42-block  4
    $$$$$:   42-block  5
call   10 never executed
    $$$$$:   42-block  6
call   11 never executed
    #####:   43:    recipe->appendStep("Limettensaft", 2);
call    0 never executed
call    1 never executed
branch  2 never executed
branch  3 never executed
    %%%%%:   43-block  0
call    4 never executed
branch  5 never executed
branch  6 never executed
    %%%%%:   43-block  1
call    7 never executed
call    8 never executed
    $$$$$:   43-block  2
call    9 never executed
    $$$$$:   43-block  3
    $$$$$:   43-block  4
call   10 never executed
    $$$$$:   43-block  5
call   11 never executed
    #####:   44:    recipe->appendStep("Zuckersirup", 2);
call    0 never executed
call    1 never executed
branch  2 never executed
branch  3 never executed
    %%%%%:   44-block  0
call    4 never executed
branch  5 never executed
branch  6 never executed
    %%%%%:   44-block  1
call    7 never executed
call    8 never executed
    $$$$$:   44-block  2
call    9 never executed
    $$$$$:   44-block  3
    $$$$$:   44-block  4
call   10 never executed
    $$$$$:   44-block  5
call   11 never executed
    #####:   45:    recipe->appendStep("Rum weiss", 5);
call    0 never executed
call    1 never executed
branch  2 never executed
branch  3 never executed
    %%%%%:   45-block  0
call    4 never executed
branch  5 never executed
branch  6 never executed
    %%%%%:   45-block  1
call    7 never executed
call    8 never executed
    $$$$$:   45-block  2
call    9 never executed
    $$$$$:   45-block  3
    $$$$$:   45-block  4
call   10 never executed
    $$$$$:   45-block  5
call   11 never executed
    #####:   46:    recipe->appendStep("Eis", 50);
call    0 never executed
call    1 never executed
branch  2 never executed
branch  3 never executed
    %%%%%:   46-block  0
call    4 never executed
branch  5 never executed
branch  6 never executed
    %%%%%:   46-block  1
call    7 never executed
call    8 never executed
    $$$$$:   46-block  2
call    9 never executed
    $$$$$:   46-block  3
    $$$$$:   46-block  4
call   10 never executed
    $$$$$:   46-block  5
call   11 never executed
    #####:   47:    recipe->appendStep("Mischen", 20);
call    0 never executed
call    1 never executed
branch  2 never executed
branch  3 never executed
    %%%%%:   47-block  0
call    4 never executed
branch  5 never executed
branch  6 never executed
    %%%%%:   47-block  1
call    7 never executed
call    8 never executed
    $$$$$:   47-block  2
call    9 never executed
    $$$$$:   47-block  3
    $$$$$:   47-block  4
call   10 never executed
    #####:   48:    return recipe;
    %%%%%:   48-block  0
        -:   49:}
        -:   50:
        -:   51:
function _ZN10RecipeBook19getCaipiroskaRecipeEv called 0 returned 0% blocks executed 0%
    #####:   52:Recipe* RecipeBook::getCaipiroskaRecipe(){
    #####:   53:    auto* recipe = new Recipe;
    %%%%%:   53-block  0
call    0 never executed
call    1 never executed
branch  2 never executed
branch  3 never executed
    $$$$$:   53-block  1
call    4 never executed
    #####:   54:    recipe->setName("Caipiroska");
    %%%%%:   54-block  0
call    0 never executed
call    1 never executed
branch  2 never executed
branch  3 never executed
    %%%%%:   54-block  1
call    4 never executed
branch  5 never executed
branch  6 never executed
    %%%%%:   54-block  2
call    7 never executed
call    8 never executed
    $$$$$:   54-block  3
call    9 never executed
    $$$$$:   54-block  4
    $$$$$:   54-block  5
call   10 never executed
    $$$$$:   54-block  6
call   11 never executed
    #####:   55:    recipe->appendStep("Limettenstuecke", 8);
call    0 never executed
call    1 never executed
branch  2 never executed
branch  3 never executed
    %%%%%:   55-block  0
call    4 never executed
branch  5 never executed
branch  6 never executed
    %%%%%:   55-block  1
call    7 never executed
call    8 never executed
    $$$$$:   55-block  2
call    9 never executed
    $$$$$:   55-block  3
    $$$$$:   55-block  4
call   10 never executed
    $$$$$:   55-block  5
call   11 never executed
    #####:   56:    recipe->appendStep("Zucker", 15);
call    0 never executed
call    1 never executed
branch  2 never executed
branch  3 never executed
    %%%%%:   56-block  0
call    4 never executed
branch  5 never executed
branch  6 never executed
    %%%%%:   56-block  1
call    7 never executed
call    8 never executed
    $$$$$:   56-block  2
call    9 never executed
    $$$$$:   56-block  3
    $$$$$:   56-block  4
call   10 never executed
    $$$$$:   56-block  5
call   11 never executed
    #####:   57:    recipe->appendStep("Stampfen", 20);
call    0 never executed
call    1 never executed
branch  2 never executed
branch  3 never executed
    %%%%%:   57-block  0
call    4 never executed
branch  5 never executed
branch  6 never executed
    %%%%%:   57-block  1
call    7 never executed
call    8 never executed
    $$$$$:   57-block  2
call    9 never executed
    $$$$$:   57-block  3
    $$$$$:   57-block  4
call   10 never executed
    $$$$$:   57-block  5
call   11 never executed
    #####:   58:    recipe->appendStep("Eis", 90);
call    0 never executed
call    1 never executed
branch  2 never executed
branch  3 never executed
    %%%%%:   58-block  0
call    4 never executed
branch  5 never executed
branch  6 never executed
    %%%%%:   58-block  1
call    7 never executed
call    8 never executed
    $$$$$:   58-block  2
call    9 never executed
    $$$$$:   58-block  3
    $$$$$:   58-block  4
call   10 never executed
    $$$$$:   58-block  5
call   11 never executed
    #####:   59:    recipe->appendStep("Wodka", 5);
call    0 never executed
call    1 never executed
branch  2 never executed
branch  3 never executed
    %%%%%:   59-block  0
call    4 never executed
branch  5 never executed
branch  6 never executed
    %%%%%:   59-block  1
call    7 never executed
call    8 never executed
    $$$$$:   59-block  2
call    9 never executed
    $$$$$:   59-block  3
    $$$$$:   59-block  4
call   10 never executed
    $$$$$:   59-block  5
call   11 never executed
    #####:   60:    recipe->appendStep("Mischen", 10);
call    0 never executed
call    1 never executed
branch  2 never executed
branch  3 never executed
    %%%%%:   60-block  0
call    4 never executed
branch  5 never executed
branch  6 never executed
    %%%%%:   60-block  1
call    7 never executed
call    8 never executed
    $$$$$:   60-block  2
call    9 never executed
    $$$$$:   60-block  3
    $$$$$:   60-block  4
call   10 never executed
    #####:   61:    return recipe;
    %%%%%:   61-block  0
        -:   62:}
        -:   63:
function _ZN10RecipeBook21getCaipirissimaRecipeEv called 0 returned 0% blocks executed 0%
    #####:   64:Recipe* RecipeBook::getCaipirissimaRecipe(){
    #####:   65:    auto* recipe = new Recipe;
    %%%%%:   65-block  0
call    0 never executed
call    1 never executed
branch  2 never executed
branch  3 never executed
    $$$$$:   65-block  1
call    4 never executed
    #####:   66:    recipe->setName("Caipirissima");
    %%%%%:   66-block  0
call    0 never executed
call    1 never executed
branch  2 never executed
branch  3 never executed
    %%%%%:   66-block  1
call    4 never executed
branch  5 never executed
branch  6 never executed
    %%%%%:   66-block  2
call    7 never executed
call    8 never executed
    $$$$$:   66-block  3
call    9 never executed
    $$$$$:   66-block  4
    $$$$$:   66-block  5
call   10 never executed
    $$$$$:   66-block  6
call   11 never executed
    #####:   67:    recipe->appendStep("Limettenstuecke", 8);
call    0 never executed
call    1 never executed
branch  2 never executed
branch  3 never executed
    %%%%%:   67-block  0
call    4 never executed
branch  5 never executed
branch  6 never executed
    %%%%%:   67-block  1
call    7 never executed
call    8 never executed
    $$$$$:   67-block  2
call    9 never executed
    $$$$$:   67-block  3
    $$$$$:   67-block  4
call   10 never executed
    $$$$$:   67-block  5
call   11 never executed
    #####:   68:    recipe->appendStep("Zucker", 15);
call    0 never executed
call    1 never executed
branch  2 never executed
branch  3 never executed
    %%%%%:   68-block  0
call    4 never executed
branch  5 never executed
branch  6 never executed
    %%%%%:   68-block  1
call    7 never executed
call    8 never executed
    $$$$$:   68-block  2
call    9 never executed
    $$$$$:   68-block  3
    $$$$$:   68-block  4
call   10 never executed
    $$$$$:   68-block  5
call   11 never executed
    #####:   69:    recipe->appendStep("Stampfen", 20);
call    0 never executed
call    1 never executed
branch  2 never executed
branch  3 never executed
    %%%%%:   69-block  0
call    4 never executed
branch  5 never executed
branch  6 never executed
    %%%%%:   69-block  1
call    7 never executed
call    8 never executed
    $$$$$:   69-block  2
call    9 never executed
    $$$$$:   69-block  3
    $$$$$:   69-block  4
call   10 never executed
    $$$$$:   69-block  5
call   11 never executed
    #####:   70:    recipe->appendStep("Eis", 90);
call    0 never executed
call    1 never executed
branch  2 never executed
branch  3 never executed
    %%%%%:   70-block  0
call    4 never executed
branch  5 never executed
branch  6 never executed
    %%%%%:   70-block  1
call    7 never executed
call    8 never executed
    $$$$$:   70-block  2
call    9 never executed
    $$$$$:   70-block  3
    $$$$$:   70-block  4
call   10 never executed
    $$$$$:   70-block  5
call   11 never executed
    #####:   71:    recipe->appendStep("Rum weiss", 5);
call    0 never executed
call    1 never executed
branch  2 never executed
branch  3 never executed
    %%%%%:   71-block  0
call    4 never executed
branch  5 never executed
branch  6 never executed
    %%%%%:   71-block  1
call    7 never executed
call    8 never executed
    $$$$$:   71-block  2
call    9 never executed
    $$$$$:   71-block  3
    $$$$$:   71-block  4
call   10 never executed
    $$$$$:   71-block  5
call   11 never executed
    #####:   72:    recipe->appendStep("Mischen", 10);
call    0 never executed
call    1 never executed
branch  2 never executed
branch  3 never executed
    %%%%%:   72-block  0
call    4 never executed
branch  5 never executed
branch  6 never executed
    %%%%%:   72-block  1
call    7 never executed
call    8 never executed
    $$$$$:   72-block  2
call    9 never executed
    $$$$$:   72-block  3
    $$$$$:   72-block  4
call   10 never executed
    #####:   73:    return recipe;
    %%%%%:   73-block  0
        -:   74:}
        -:   75:
        -:   76:
function _ZN10RecipeBook20getCubanIslandRecipeEv called 0 returned 0% blocks executed 0%
    #####:   77:Recipe* RecipeBook::getCubanIslandRecipe(){
    #####:   78:    auto* recipe = new Recipe;
    %%%%%:   78-block  0
call    0 never executed
call    1 never executed
branch  2 never executed
branch  3 never executed
    $$$$$:   78-block  1
call    4 never executed
    #####:   79:    recipe->setName("Cuban Island");
    %%%%%:   79-block  0
call    0 never executed
call    1 never executed
branch  2 never executed
branch  3 never executed
    %%%%%:   79-block  1
call    4 never executed
branch  5 never executed
branch  6 never executed
    %%%%%:   79-block  2
call    7 never executed
call    8 never executed
    $$$$$:   79-block  3
call    9 never executed
    $$$$$:   79-block  4
    $$$$$:   79-block  5
call   10 never executed
    $$$$$:   79-block  6
call   11 never executed
    #####:   80:    recipe->appendStep("Zitronensaft", 2);
call    0 never executed
call    1 never executed
branch  2 never executed
branch  3 never executed
    %%%%%:   80-block  0
call    4 never executed
branch  5 never executed
branch  6 never executed
    %%%%%:   80-block  1
call    7 never executed
call    8 never executed
    $$$$$:   80-block  2
call    9 never executed
    $$$$$:   80-block  3
    $$$$$:   80-block  4
call   10 never executed
    $$$$$:   80-block  5
call   11 never executed
    #####:   81:    recipe->appendStep("Cointreau", 2);
call    0 never executed
call    1 never executed
branch  2 never executed
branch  3 never executed
    %%%%%:   81-block  0
call    4 never executed
branch  5 never executed
branch  6 never executed
    %%%%%:   81-block  1
call    7 never executed
call    8 never executed
    $$$$$:   81-block  2
call    9 never executed
    $$$$$:   81-block  3
    $$$$$:   81-block  4
call   10 never executed
    $$$$$:   81-block  5
call   11 never executed
    #####:   82:    recipe->appendStep("Rum weiss", 2);
call    0 never executed
call    1 never executed
branch  2 never executed
branch  3 never executed
    %%%%%:   82-block  0
call    4 never executed
branch  5 never executed
branch  6 never executed
    %%%%%:   82-block  1
call    7 never executed
call    8 never executed
    $$$$$:   82-block  2
call    9 never executed
    $$$$$:   82-block  3
    $$$$$:   82-block  4
call   10 never executed
    $$$$$:   82-block  5
call   11 never executed
    #####:   83:    recipe->appendStep("Wodka", 2);
call    0 never executed
call    1 never executed
branch  2 never executed
branch  3 never executed
    %%%%%:   83-block  0
call    4 never executed
branch  5 never executed
branch  6 never executed
    %%%%%:   83-block  1
call    7 never executed
call    8 never executed
    $$$$$:   83-block  2
call    9 never executed
    $$$$$:   83-block  3
    $$$$$:   83-block  4
call   10 never executed
    $$$$$:   83-block  5
call   11 never executed
    #####:   84:    recipe->appendStep("Eis", 30);
call    0 never executed
call    1 never executed
branch  2 never executed
branch  3 never executed
    %%%%%:   84-block  0
call    4 never executed
branch  5 never executed
branch  6 never executed
    %%%%%:   84-block  1
call    7 never executed
call    8 never executed
    $$$$$:   84-block  2
call    9 never executed
    $$$$$:   84-block  3
    $$$$$:   84-block  4
call   10 never executed
    $$$$$:   84-block  5
call   11 never executed
    #####:   85:    recipe->appendStep("Mischen", 30);
call    0 never executed
call    1 never executed
branch  2 never executed
branch  3 never executed
    %%%%%:   85-block  0
call    4 never executed
branch  5 never executed
branch  6 never executed
    %%%%%:   85-block  1
call    7 never executed
call    8 never executed
    $$$$$:   85-block  2
call    9 never executed
    $$$$$:   85-block  3
    $$$$$:   85-block  4
call   10 never executed
    #####:   86:    return recipe;
    %%%%%:   86-block  0
        -:   87:}
        -:   88:
function _ZN10RecipeBook22getMartiniJamesBRecipeEv called 0 returned 0% blocks executed 0%
    #####:   89:Recipe* RecipeBook::getMartiniJamesBRecipe(){
    #####:   90:    auto* recipe = new Recipe;
    %%%%%:   90-block  0
call    0 never executed
call    1 never executed
branch  2 never executed
branch  3 never executed
    $$$$$:   90-block  1
call    4 never executed
    #####:   91:    recipe->setName("Martini James B");
    %%%%%:   91-block  0
call    0 never executed
call    1 never executed
branch  2 never executed
branch  3 never executed
    %%%%%:   91-block  1
call    4 never executed
branch  5 never executed
branch  6 never executed
    %%%%%:   91-block  2
call    7 never executed
call    8 never executed
    $$$$$:   91-block  3
call    9 never executed
    $$$$$:   91-block  4
    $$$$$:   91-block  5
call   10 never executed
    $$$$$:   91-block  6
call   11 never executed
    #####:   92:    recipe->appendStep("Gin", 6);
call    0 never executed
call    1 never executed
branch  2 never executed
branch  3 never executed
    %%%%%:   92-block  0
call    4 never executed
branch  5 never executed
branch  6 never executed
    %%%%%:   92-block  1
call    7 never executed
call    8 never executed
    $$$$$:   92-block  2
call    9 never executed
    $$$$$:   92-block  3
    $$$$$:   92-block  4
call   10 never executed
    $$$$$:   92-block  5
call   11 never executed
    #####:   93:    recipe->appendStep("Wodka", 2);
call    0 never executed
call    1 never executed
branch  2 never executed
branch  3 never executed
    %%%%%:   93-block  0
call    4 never executed
branch  5 never executed
branch  6 never executed
    %%%%%:   93-block  1
call    7 never executed
call    8 never executed
    $$$$$:   93-block  2
call    9 never executed
    $$$$$:   93-block  3
    $$$$$:   93-block  4
call   10 never executed
    $$$$$:   93-block  5
call   11 never executed
    #####:   94:    recipe->appendStep("Noilly Prat", 1);
call    0 never executed
call    1 never executed
branch  2 never executed
branch  3 never executed
    %%%%%:   94-block  0
call    4 never executed
branch  5 never executed
branch  6 never executed
    %%%%%:   94-block  1
call    7 never executed
call    8 never executed
    $$$$$:   94-block  2
call    9 never executed
    $$$$$:   94-block  3
    $$$$$:   94-block  4
call   10 never executed
    $$$$$:   94-block  5
call   11 never executed
    #####:   95:    recipe->appendStep("Schuetteln", 10);
call    0 never executed
call    1 never executed
branch  2 never executed
branch  3 never executed
    %%%%%:   95-block  0
call    4 never executed
branch  5 never executed
branch  6 never executed
    %%%%%:   95-block  1
call    7 never executed
call    8 never executed
    $$$$$:   95-block  2
call    9 never executed
    $$$$$:   95-block  3
    $$$$$:   95-block  4
call   10 never executed
    #####:   96:    return recipe;
    %%%%%:   96-block  0
        -:   97:}
        -:   98:
        -:   99:
        -:  100:
function _ZN10RecipeBookC2Ev called 23 returned 100% blocks executed 60%
       23:  101:RecipeBook::RecipeBook() {
       23:  101-block  0
call    0 returned 23
       23:  102:    mRecipe.clear();
call    0 returned 23
        -:  103:
        -:  104:    // create a stream
       23:  105:    std::ifstream in;
call    0 returned 23
branch  1 taken 23 (fallthrough)
branch  2 taken 0 (throw)
        -:  106:
       23:  107:    std::string fileName = "Rezepte.csv";
       23:  107-block  0
call    0 returned 23
call    1 returned 23
branch  2 taken 23 (fallthrough)
branch  3 taken 0 (throw)
    $$$$$:  107-block  1
        -:  108:    // open file
       23:  109:    in.open(fileName.c_str(), std::ios::in);
call    0 returned 23
call    1 returned 23
branch  2 taken 23 (fallthrough)
branch  3 taken 0 (throw)
        -:  110:
       23:  111:    if (getFile(in)) { // file could not be opened
       23:  111-block  0
call    0 returned 23
branch  1 taken 23 (fallthrough)
branch  2 taken 0 (throw)
       23:  111-block  1
branch  3 taken 0 (fallthrough)
branch  4 taken 23
        -:  112:
    #####:  113:    makeRecipeExample();
    %%%%%:  113-block  0
call    0 never executed
branch  1 never executed
branch  2 never executed
        -:  114:
        -:  115:    } else {
       23:  116:        readFile(in);
       23:  116-block  0
call    0 returned 23
branch  1 taken 23 (fallthrough)
branch  2 taken 0 (throw)
        -:  117:    } 
       23:  118:}
       23:  118-block  0
call    0 returned 23
call    1 returned 23
    $$$$$:  118-block  1
call    2 never executed
    $$$$$:  118-block  2
call    3 never executed
    $$$$$:  118-block  3
call    4 never executed
        -:  119:
        -:  120:
        -:  121:
        -:  122:
function _ZNK10RecipeBook7getFileERSt14basic_ifstreamIcSt11char_traitsIcEE called 23 returned 100% blocks executed 100%
       23:  123:bool RecipeBook::getFile(std::ifstream &in) const { return !in; }
       23:  123-block  0
call    0 returned 23
        -:  124:
        9:  125:RecipeBook::~RecipeBook() {
        5:  126:   mRecipe.clear();
        9:  127:}
------------------
_ZN10RecipeBookD0Ev:
function _ZN10RecipeBookD0Ev called 4 returned 100% blocks executed 100%
        4:  125:RecipeBook::~RecipeBook() {
        -:  126:   mRecipe.clear();
        4:  127:}
        4:  127-block  0
call    0 returned 4
call    1 returned 4
------------------
_ZN10RecipeBookD2Ev:
function _ZN10RecipeBookD2Ev called 5 returned 100% blocks executed 100%
        5:  125:RecipeBook::~RecipeBook() {
        5:  126:   mRecipe.clear();
        5:  126-block  0
call    0 returned 5
        5:  127:}
call    0 returned 5
------------------
        -:  128:
function _ZN10RecipeBook18getNumberOfRecipesEv called 417 returned 100% blocks executed 100%
      417:  129:int RecipeBook::getNumberOfRecipes() {
      417:  130:    return int(mRecipe.size());
      417:  130-block  0
call    0 returned 417
        -:  131:}
        -:  132:
function _ZN10RecipeBook9getRecipeEj called 337 returned 100% blocks executed 90%
      337:  133:Recipe * RecipeBook::getRecipe(unsigned int i) {
     337*:  134:    if (getSize(i)) return nullptr;
      337:  134-block  0
call    0 returned 337
branch  1 taken 0 (fallthrough)
branch  2 taken 337
    %%%%%:  134-block  1
        -:  135:    else {
      337:  136:        std::list<Recipe*>::iterator p; // Iterator
      337:  136-block  0
call    0 returned 337
      337:  137:        advance(p = mRecipe.begin(), i); // p now points to the i-th element
call    0 returned 337
call    1 returned 337
branch  2 taken 337 (fallthrough)
branch  3 taken 0 (throw)
      337:  138:        return *p; // value of p - the pointer back
      337:  138-block  0
call    0 returned 337
        -:  139:    }
        -:  140:}
        -:  141:
function _ZNK10RecipeBook7getSizeEj called 337 returned 100% blocks executed 100%
      337:  142:bool RecipeBook::getSize(unsigned int i) const { return i > mRecipe.size(); }
      337:  142-block  0
call    0 returned 337
        -:  143:
function _ZN10RecipeBook12deleteRecipeEj called 36 returned 100% blocks executed 100%
       36:  144:bool RecipeBook::deleteRecipe(unsigned int i) {
       36:  145:    if (i >= mRecipe.size())
       36:  145-block  0
call    0 returned 36
branch  1 taken 3 (fallthrough)
branch  2 taken 33
        3:  146:        return false;
        3:  146-block  0
        -:  147:    else {
       33:  148:        std::list<Recipe*>::iterator p; // Iterator
       33:  148-block  0
call    0 returned 33
       33:  149:        advance(p = mRecipe.begin(), i); // now p points to the i-th Element
call    0 returned 33
call    1 returned 33
branch  2 taken 33 (fallthrough)
branch  3 taken 0 (throw)
       33:  150:        mRecipe.erase(p); // delete the element p is pointing to
       33:  150-block  0
call    0 returned 33
call    1 returned 33
       33:  151:        return true; // Success!
        -:  152:    }
        -:  153:}
        -:  154:
function _ZN10RecipeBook17makeRecipeExampleEv called 0 returned 0% blocks executed 0%
    #####:  155:void RecipeBook::makeRecipeExample() {
    #####:  156:    auto* r1 = getCaipirinhaRecipe();
    %%%%%:  156-block  0
call    0 never executed
branch  1 never executed
branch  2 never executed
    #####:  157:    this->mRecipe.push_back(r1);
    %%%%%:  157-block  0
call    0 never executed
branch  1 never executed
branch  2 never executed
        -:  158:
    #####:  159:    auto* r2 = getMargaritaRecipe();
    %%%%%:  159-block  0
call    0 never executed
branch  1 never executed
branch  2 never executed
    #####:  160:    this->mRecipe.push_back(r2);
    %%%%%:  160-block  0
call    0 never executed
branch  1 never executed
branch  2 never executed
        -:  161:
    #####:  162:    auto* r3 = getDaiquiriRecipe();
    %%%%%:  162-block  0
call    0 never executed
branch  1 never executed
branch  2 never executed
    #####:  163:    this->mRecipe.push_back(r3);
    %%%%%:  163-block  0
call    0 never executed
branch  1 never executed
branch  2 never executed
        -:  164:
    #####:  165:    auto* r4 = getPlantersPunchRecipe();
    %%%%%:  165-block  0
call    0 never executed
branch  1 never executed
branch  2 never executed
    #####:  166:    this->mRecipe.push_back(r4);
    %%%%%:  166-block  0
call    0 never executed
branch  1 never executed
branch  2 never executed
        -:  167:
    #####:  168:    auto* r5 = getCaipiroskaRecipe();
    %%%%%:  168-block  0
call    0 never executed
branch  1 never executed
branch  2 never executed
    #####:  169:    this->mRecipe.push_back(r5);
    %%%%%:  169-block  0
call    0 never executed
branch  1 never executed
branch  2 never executed
        -:  170:
    #####:  171:    auto* r6 = getCaipirissimaRecipe();
    %%%%%:  171-block  0
call    0 never executed
branch  1 never executed
branch  2 never executed
    #####:  172:    this->mRecipe.push_back(r6);
    %%%%%:  172-block  0
call    0 never executed
branch  1 never executed
branch  2 never executed
        -:  173:
    #####:  174:    auto* r7 = getCubanIslandRecipe();
    %%%%%:  174-block  0
call    0 never executed
branch  1 never executed
branch  2 never executed
    #####:  175:    this->mRecipe.push_back(r7);
    %%%%%:  175-block  0
call    0 never executed
branch  1 never executed
branch  2 never executed
        -:  176:
    #####:  177:    auto* r8 = getMartiniJamesBRecipe();
    %%%%%:  177-block  0
call    0 never executed
branch  1 never executed
branch  2 never executed
    #####:  178:    this->mRecipe.push_back(r8);
    %%%%%:  178-block  0
call    0 never executed
branch  1 never executed
branch  2 never executed
    #####:  179:}
    %%%%%:  179-block  0
        -:  180:
function _ZN10RecipeBook8readFileERSt14basic_ifstreamIcSt11char_traitsIcEE called 24 returned 100% blocks executed 70%
       24:  181:bool RecipeBook::readFile(std::ifstream &in) {
        -:  182:
       24:  183:    if(in)
       24:  183-block  0
call    0 returned 24
branch  1 taken 24 (fallthrough)
branch  2 taken 0
        -:  184:    {
        -:  185:
        -:  186:        /* Read and print */
       24:  187:        std::string line;
       24:  187-block  0
call    0 returned 24
        -:  188:
       24:  189:        std::getline(in, line);
call    0 returned 24
branch  1 taken 24 (fallthrough)
branch  2 taken 0 (throw)
        -:  190:
        -:  191:
      208:  192:        while (std::getline(in, line)) {
       24:  192-block  0
      208:  192-block  1
call    0 returned 208
branch  1 taken 208 (fallthrough)
branch  2 taken 0 (throw)
      208:  192-block  2
call    3 returned 208
branch  4 taken 208 (fallthrough)
branch  5 taken 0 (throw)
      208:  192-block  3
branch  6 taken 184
branch  7 taken 24 (fallthrough)
      184:  193:            std::istringstream inputString(line);
      184:  193-block  0
call    0 returned 184
branch  1 taken 184 (fallthrough)
branch  2 taken 0 (throw)
      184:  194:            auto* r1 = new Recipe;
      184:  194-block  0
call    0 returned 184
branch  1 taken 184 (fallthrough)
branch  2 taken 0 (throw)
      184:  194-block  1
call    3 returned 184
branch  4 taken 184 (fallthrough)
branch  5 taken 0 (throw)
    $$$$$:  194-block  2
call    6 never executed
      184:  195:            readIngredients(r1, inputString);
      184:  195-block  0
call    0 returned 184
branch  1 taken 184 (fallthrough)
branch  2 taken 0 (throw)
      184:  196:        }
      184:  196-block  0
call    0 returned 184
    $$$$$:  196-block  1
call    1 never executed
        -:  197:
        -:  198:
       24:  199:        in.close();
       24:  199-block  0
call    0 returned 24
branch  1 taken 24 (fallthrough)
branch  2 taken 0 (throw)
       24:  200:        return true;
       24:  201:    }
       24:  201-block  0
call    0 returned 24
    $$$$$:  201-block  1
call    1 never executed
        -:  202:    else
        -:  203:    {
    #####:  204:        return false;
    %%%%%:  204-block  0
        -:  205:    }
        -:  206:
        -:  207:}
        -:  208:
function _ZN10RecipeBook15readIngredientsEP6RecipeRSt19basic_istringstreamIcSt11char_traitsIcESaIcEE called 184 returned 100% blocks executed 74%
      184:  209:bool RecipeBook::readIngredients(Recipe *recipe, std::istringstream &inputString) {
      184:  210:    std::string ingredient;
      184:  210-block  0
call    0 returned 184
      184:  211:    std::string tempString;
call    0 returned 184
      184:  212:    std::string name;
call    0 returned 184
        -:  213:    float number;
      184:  214:    if(inputString)
call    0 returned 184
branch  1 taken 184 (fallthrough)
branch  2 taken 0 (throw)
      184:  214-block  0
branch  3 taken 184 (fallthrough)
branch  4 taken 0
        -:  215:    {
      184:  216:        getline(inputString, name, ';');
      184:  216-block  0
call    0 returned 184
branch  1 taken 184 (fallthrough)
branch  2 taken 0 (throw)
        -:  217:
      184:  218:        recipe->setName(name);
      184:  218-block  0
call    0 returned 184
branch  1 taken 184 (fallthrough)
branch  2 taken 0 (throw)
        -:  219:
     1196:  220:        while (getline(inputString, ingredient, ';') && !ingredient.empty()) {
      184:  220-block  0
     1196:  220-block  1
call    0 returned 1196
branch  1 taken 1196 (fallthrough)
branch  2 taken 0 (throw)
     1196:  220-block  2
call    3 returned 1196
branch  4 taken 1196 (fallthrough)
branch  5 taken 0 (throw)
     1196:  220-block  3
branch  6 taken 1012 (fallthrough)
branch  7 taken 184
     1012:  220-block  4
call    8 returned 1012
branch  9 taken 1012 (fallthrough)
branch 10 taken 0
     1012:  220-block  5
      184:  220-block  6
     1196:  220-block  7
branch 11 taken 1012
branch 12 taken 184 (fallthrough)
     1012:  221:            if (getline(inputString, tempString, ';')) {
     1012:  221-block  0
call    0 returned 1012
branch  1 taken 1012 (fallthrough)
branch  2 taken 0 (throw)
     1012:  221-block  1
call    3 returned 1012
branch  4 taken 1012 (fallthrough)
branch  5 taken 0 (throw)
     1012:  221-block  2
branch  6 taken 1012 (fallthrough)
branch  7 taken 0
     1012:  222:                std::istringstream(tempString) >> number;
     1012:  222-block  0
call    0 returned 1012
branch  1 taken 1012 (fallthrough)
branch  2 taken 0 (throw)
     1012:  222-block  1
call    3 returned 1012
branch  4 taken 1012 (fallthrough)
branch  5 taken 0 (throw)
     1012:  222-block  2
call    6 returned 1012
    $$$$$:  222-block  3
call    7 never executed
    $$$$$:  222-block  4
        -:  223:            }
     1012:  224:            recipe->appendStep(ingredient, number);
     1012:  224-block  0
call    0 returned 1012
branch  1 taken 1012 (fallthrough)
branch  2 taken 0 (throw)
     1012:  224-block  1
call    3 returned 1012
branch  4 taken 1012 (fallthrough)
branch  5 taken 0 (throw)
     1012:  224-block  2
call    6 returned 1012
    $$$$$:  224-block  3
call    7 never executed
    $$$$$:  224-block  4
        -:  225:        }
      184:  226:        recipe->setRecipeNo(mRecipe.size() + 1);
      184:  226-block  0
call    0 returned 184
call    1 returned 184
branch  2 taken 184 (fallthrough)
branch  3 taken 0 (throw)
      184:  227:        this->mRecipe.push_back(recipe);
      184:  227-block  0
call    0 returned 184
branch  1 taken 184 (fallthrough)
branch  2 taken 0 (throw)
      184:  228:        return true;
      184:  228-block  0
        -:  229:    }
        -:  230:    else
        -:  231:    {
    #####:  232:        return false;
    %%%%%:  232-block  0
        -:  233:    }
        -:  234:
      184:  235:}
      184:  235-block  0
call    0 returned 184
call    1 returned 184
call    2 returned 184
    $$$$$:  235-block  1
call    3 never executed
    $$$$$:  235-block  2
call    4 never executed
    $$$$$:  235-block  3
call    5 never executed
        -:  236:
function _ZNK10RecipeBook10getMRecipeEv called 11 returned 100% blocks executed 100%
       11:  237:const std::list<Recipe *> &RecipeBook::getMRecipe() const {
       11:  238:    return mRecipe;
       11:  238-block  0
        -:  239:}
        -:  240:
function _ZN10RecipeBook22findRecipeWithRecipeNoEi called 1 returned 100% blocks executed 92%
        1:  241:Recipe *RecipeBook::findRecipeWithRecipeNo(int number) {
        2:  242:    for(auto& re: mRecipe){
        1:  242-block  0
call    0 returned 1
call    1 returned 1
        2:  242-block  1
call    2 returned 2
        1:  242-block  2
call    3 returned 1
        2:  242-block  3
call    4 returned 2
branch  5 taken 2
branch  6 taken 0 (fallthrough)
        2:  243:        if(re->getRecipeNo() == number) return re;
call    0 returned 2
branch  1 taken 2 (fallthrough)
branch  2 taken 0 (throw)
        2:  243-block  0
branch  3 taken 1 (fallthrough)
branch  4 taken 1
        1:  243-block  1
        -:  244:    }
    #####:  245:    return nullptr;
    %%%%%:  245-block  0
        -:  246:}
        -:  247:
