        -:    0:Source:/cygdrive/c/Users/PC/OneDrive - stud.h-da.de/PRAKTIKUM/Software Engineering/CocktailPro/src/test/Timer_Test.cpp
        -:    0:Graph:/cygdrive/c/Users/PC/OneDrive - stud.h-da.de/PRAKTIKUM/Software Engineering/CocktailPro/cmake-build-debug-cygwin/CMakeFiles/CocktailProTest.dir/src/test/Timer_Test.cpp.gcno
        -:    0:Data:/cygdrive/c/Users/PC/OneDrive - stud.h-da.de/PRAKTIKUM/Software Engineering/CocktailPro/cmake-build-debug-cygwin/CMakeFiles/CocktailProTest.dir/src/test/Timer_Test.cpp.gcda
        -:    0:Runs:1
        -:    1:#include <limits.h>
        -:    2:#include "gtest/gtest.h"
        -:    3:
        -:    4:// Using this ugly tweak you make all private elements public!
        -:    5:// But be careful! Some methods are private for good reasons!
        -:    6:// So please use this trick only if you really need it!
        -:    7:#define protected public
        -:    8:#define private public
        -:    9:#include "Timer.h"
        -:   10:#undef protected
        -:   11:#undef private
        -:   12:
        -:   13:class TimerTest : public ::testing::Test {
        -:   14:protected:
        -:   15:    Timer* r;
        -:   16:
function _ZN9TimerTest5SetUpEv called 2 returned 100% blocks executed 100%
        2:   17:    virtual void SetUp() {
        2:   18:        r = new Timer();
        2:   18-block  0
call    0 returned 2
call    1 returned 2
        -:   19:
        2:   20:        r->instanceFlag=false;
        2:   21:        r->theTimer=nullptr;
        2:   22:    }
        -:   23:
function _ZN9TimerTest8TearDownEv called 2 returned 100% blocks executed 100%
        2:   24:    virtual void TearDown() {
        -:   25:        // Code here will be called immediately after each test
        -:   26:        // (right before the destructor).
        2:   27:        delete r;
        2:   27-block  0
branch  0 taken 2 (fallthrough)
branch  1 taken 0
        2:   27-block  1
call    2 returned 2
        2:   28:    }
        -:   29:};
        -:   30:
        4:   31:TEST_F(TimerTest,setTurboTest){
        1:   32:    int neuTurbo=54;
        1:   33:    r->setTurbo(neuTurbo);
        -:   34:
       1*:   35:    EXPECT_EQ(neuTurbo,r->booster);
        1:   36:}
------------------
_ZN27TimerTest_setTurboTest_TestC1Ev:
function _ZN27TimerTest_setTurboTest_TestC1Ev called 1 returned 100% blocks executed 100%
        1:   31:TEST_F(TimerTest,setTurboTest){
        1:   31-block  0
call    0 returned 1
------------------
_ZN27TimerTest_setTurboTest_TestD0Ev:
function _ZN27TimerTest_setTurboTest_TestD0Ev called 1 returned 100% blocks executed 100%
        1:   31:TEST_F(TimerTest,setTurboTest){
        1:   31-block  0
call    0 returned 1
call    1 returned 1
------------------
_ZN27TimerTest_setTurboTest_TestD1Ev:
function _ZN27TimerTest_setTurboTest_TestD1Ev called 1 returned 100% blocks executed 100%
        1:   31:TEST_F(TimerTest,setTurboTest){
        1:   31-block  0
call    0 returned 1
------------------
_ZN27TimerTest_setTurboTest_Test8TestBodyEv:
function _ZN27TimerTest_setTurboTest_Test8TestBodyEv called 1 returned 100% blocks executed 30%
        1:   31:TEST_F(TimerTest,setTurboTest){
        1:   32:    int neuTurbo=54;
        1:   33:    r->setTurbo(neuTurbo);
        1:   33-block  0
call    0 returned 1
branch  1 taken 1 (fallthrough)
branch  2 taken 0 (throw)
        -:   34:
       1*:   35:    EXPECT_EQ(neuTurbo,r->booster);
        1:   35-block  0
call    0 returned 1
branch  1 taken 1 (fallthrough)
branch  2 taken 0 (throw)
        1:   35-block  1
call    3 returned 1
branch  4 taken 0 (fallthrough)
branch  5 taken 1
    %%%%%:   35-block  2
call    6 never executed
branch  7 never executed
branch  8 never executed
    %%%%%:   35-block  3
call    9 never executed
call   10 never executed
branch 11 never executed
branch 12 never executed
    %%%%%:   35-block  4
call   13 never executed
branch 14 never executed
branch 15 never executed
    %%%%%:   35-block  5
call   16 never executed
call   17 never executed
        1:   35-block  6
call   18 returned 1
    $$$$$:   35-block  7
call   19 never executed
    $$$$$:   35-block  8
    $$$$$:   35-block  9
call   20 never executed
    $$$$$:   35-block 10
    $$$$$:   35-block 11
call   21 never executed
        1:   36:}
------------------
        -:   37:
        4:   38:TEST_F(TimerTest,getInstanceTest){
        -:   39:
       1*:   40:    EXPECT_NE(r->getInstance(), nullptr);
        -:   41:
        1:   42:}
------------------
_ZN30TimerTest_getInstanceTest_TestC1Ev:
function _ZN30TimerTest_getInstanceTest_TestC1Ev called 1 returned 100% blocks executed 100%
        1:   38:TEST_F(TimerTest,getInstanceTest){
        1:   38-block  0
call    0 returned 1
------------------
_ZN30TimerTest_getInstanceTest_TestD0Ev:
function _ZN30TimerTest_getInstanceTest_TestD0Ev called 1 returned 100% blocks executed 100%
        1:   38:TEST_F(TimerTest,getInstanceTest){
        1:   38-block  0
call    0 returned 1
call    1 returned 1
------------------
_ZN30TimerTest_getInstanceTest_TestD1Ev:
function _ZN30TimerTest_getInstanceTest_TestD1Ev called 1 returned 100% blocks executed 100%
        1:   38:TEST_F(TimerTest,getInstanceTest){
        1:   38-block  0
call    0 returned 1
------------------
_ZN30TimerTest_getInstanceTest_Test8TestBodyEv:
function _ZN30TimerTest_getInstanceTest_Test8TestBodyEv called 1 returned 100% blocks executed 27%
        1:   38:TEST_F(TimerTest,getInstanceTest){
        -:   39:
       1*:   40:    EXPECT_NE(r->getInstance(), nullptr);
        1:   40-block  0
call    0 returned 1
branch  1 taken 1 (fallthrough)
branch  2 taken 0 (throw)
        1:   40-block  1
call    3 returned 1
branch  4 taken 1 (fallthrough)
branch  5 taken 0 (throw)
        1:   40-block  2
call    6 returned 1
branch  7 taken 0 (fallthrough)
branch  8 taken 1
    %%%%%:   40-block  3
call    9 never executed
branch 10 never executed
branch 11 never executed
    %%%%%:   40-block  4
call   12 never executed
call   13 never executed
branch 14 never executed
branch 15 never executed
    %%%%%:   40-block  5
call   16 never executed
branch 17 never executed
branch 18 never executed
    %%%%%:   40-block  6
call   19 never executed
call   20 never executed
        1:   40-block  7
call   21 returned 1
    $$$$$:   40-block  8
    $$$$$:   40-block  9
    $$$$$:   40-block 10
call   22 never executed
    $$$$$:   40-block 11
    $$$$$:   40-block 12
call   23 never executed
    $$$$$:   40-block 13
    $$$$$:   40-block 14
call   24 never executed
        -:   41:
        1:   42:}
------------------
        -:   43:
