        -:    0:Source:/cygdrive/c/Users/PC/OneDrive - stud.h-da.de/PRAKTIKUM/Software Engineering/CocktailPro/src/test/Waage_Test.cpp
        -:    0:Graph:/cygdrive/c/Users/PC/OneDrive - stud.h-da.de/PRAKTIKUM/Software Engineering/CocktailPro/cmake-build-debug-cygwin/CMakeFiles/CocktailProTest.dir/src/test/Waage_Test.cpp.gcno
        -:    0:Data:/cygdrive/c/Users/PC/OneDrive - stud.h-da.de/PRAKTIKUM/Software Engineering/CocktailPro/cmake-build-debug-cygwin/CMakeFiles/CocktailProTest.dir/src/test/Waage_Test.cpp.gcda
        -:    0:Runs:1
        -:    1:#include <limits.h>
        -:    2:#include "gtest/gtest.h"
        -:    3:
        -:    4:// Using this ugly tweak you make all private elements public!
        -:    5:// But be careful! Some methods are private for good reasons!
        -:    6:// So please use this trick only if you really need it!
        -:    7:#define protected public
        -:    8:#define private public
        -:    9:#include "Waage.h"
        -:   10:#undef protected
        -:   11:#undef private
        -:   12:
        -:   13:class WaageTest : public ::testing::Test {
        -:   14:protected:
        -:   15:    Waage* r;
        -:   16:
function _ZN9WaageTest5SetUpEv called 5 returned 100% blocks executed 80%
        5:   17:    virtual void SetUp() {
        5:   18:        r = new Waage();
        5:   18-block  0
call    0 returned 5
call    1 returned 5
branch  2 taken 5 (fallthrough)
branch  3 taken 0 (throw)
    $$$$$:   18-block  1
call    4 never executed
        5:   19:        r->weight=0;
        5:   20:        r->deltaWeight=0;
        -:   21:
        5:   22:    }
        5:   22-block  0
        -:   23:
function _ZN9WaageTest8TearDownEv called 5 returned 100% blocks executed 100%
        5:   24:    virtual void TearDown() {
        -:   25:        // Code here will be called immediately after each test
        -:   26:        // (right before the destructor).
        5:   27:        delete r;
        5:   27-block  0
branch  0 taken 5 (fallthrough)
branch  1 taken 0
        5:   27-block  1
call    2 returned 5
call    3 returned 5
        5:   28:    }
        -:   29:};
        -:   30:
        4:   31:TEST_F(WaageTest,changeWeightTest){
        1:   32:    int oldweight=r->weight;
        1:   33:    int v=34;
        1:   34:    r->changeWeight(v);
       1*:   35:    EXPECT_EQ(r->weight,v+oldweight);
        -:   36:
        1:   37:}
------------------
_ZN31WaageTest_changeWeightTest_TestC1Ev:
function _ZN31WaageTest_changeWeightTest_TestC1Ev called 1 returned 100% blocks executed 100%
        1:   31:TEST_F(WaageTest,changeWeightTest){
        1:   31-block  0
call    0 returned 1
------------------
_ZN31WaageTest_changeWeightTest_TestD0Ev:
function _ZN31WaageTest_changeWeightTest_TestD0Ev called 1 returned 100% blocks executed 100%
        1:   31:TEST_F(WaageTest,changeWeightTest){
        1:   31-block  0
call    0 returned 1
call    1 returned 1
------------------
_ZN31WaageTest_changeWeightTest_TestD1Ev:
function _ZN31WaageTest_changeWeightTest_TestD1Ev called 1 returned 100% blocks executed 100%
        1:   31:TEST_F(WaageTest,changeWeightTest){
        1:   31-block  0
call    0 returned 1
------------------
_ZN31WaageTest_changeWeightTest_Test8TestBodyEv:
function _ZN31WaageTest_changeWeightTest_Test8TestBodyEv called 1 returned 100% blocks executed 29%
        1:   31:TEST_F(WaageTest,changeWeightTest){
        1:   32:    int oldweight=r->weight;
        1:   33:    int v=34;
        1:   34:    r->changeWeight(v);
        1:   34-block  0
call    0 returned 1
       1*:   35:    EXPECT_EQ(r->weight,v+oldweight);
call    0 returned 1
branch  1 taken 1 (fallthrough)
branch  2 taken 0 (throw)
        1:   35-block  0
call    3 returned 1
branch  4 taken 0 (fallthrough)
branch  5 taken 1
    %%%%%:   35-block  1
call    6 never executed
branch  7 never executed
branch  8 never executed
    %%%%%:   35-block  2
call    9 never executed
call   10 never executed
branch 11 never executed
branch 12 never executed
    %%%%%:   35-block  3
call   13 never executed
branch 14 never executed
branch 15 never executed
    %%%%%:   35-block  4
call   16 never executed
call   17 never executed
        1:   35-block  5
call   18 returned 1
    $$$$$:   35-block  6
    $$$$$:   35-block  7
call   19 never executed
    $$$$$:   35-block  8
    $$$$$:   35-block  9
call   20 never executed
    $$$$$:   35-block 10
    $$$$$:   35-block 11
call   21 never executed
        -:   36:
        1:   37:}
------------------
        -:   38:
        4:   39:TEST_F(WaageTest,changeDeltaWeightTest){
        -:   40:
        1:   41:    int olddeltaweight=r->deltaWeight;
        1:   42:    int v=45;
        1:   43:    r->changeWeight(v);
       1*:   44:    EXPECT_EQ(r->deltaWeight,v+olddeltaweight);
        1:   45:}
------------------
_ZN36WaageTest_changeDeltaWeightTest_TestC1Ev:
function _ZN36WaageTest_changeDeltaWeightTest_TestC1Ev called 1 returned 100% blocks executed 100%
        1:   39:TEST_F(WaageTest,changeDeltaWeightTest){
        1:   39-block  0
call    0 returned 1
------------------
_ZN36WaageTest_changeDeltaWeightTest_TestD0Ev:
function _ZN36WaageTest_changeDeltaWeightTest_TestD0Ev called 1 returned 100% blocks executed 100%
        1:   39:TEST_F(WaageTest,changeDeltaWeightTest){
        1:   39-block  0
call    0 returned 1
call    1 returned 1
------------------
_ZN36WaageTest_changeDeltaWeightTest_TestD1Ev:
function _ZN36WaageTest_changeDeltaWeightTest_TestD1Ev called 1 returned 100% blocks executed 100%
        1:   39:TEST_F(WaageTest,changeDeltaWeightTest){
        1:   39-block  0
call    0 returned 1
------------------
_ZN36WaageTest_changeDeltaWeightTest_Test8TestBodyEv:
function _ZN36WaageTest_changeDeltaWeightTest_Test8TestBodyEv called 1 returned 100% blocks executed 29%
        1:   39:TEST_F(WaageTest,changeDeltaWeightTest){
        -:   40:
        1:   41:    int olddeltaweight=r->deltaWeight;
        1:   42:    int v=45;
        1:   43:    r->changeWeight(v);
        1:   43-block  0
call    0 returned 1
       1*:   44:    EXPECT_EQ(r->deltaWeight,v+olddeltaweight);
call    0 returned 1
branch  1 taken 1 (fallthrough)
branch  2 taken 0 (throw)
        1:   44-block  0
call    3 returned 1
branch  4 taken 0 (fallthrough)
branch  5 taken 1
    %%%%%:   44-block  1
call    6 never executed
branch  7 never executed
branch  8 never executed
    %%%%%:   44-block  2
call    9 never executed
call   10 never executed
branch 11 never executed
branch 12 never executed
    %%%%%:   44-block  3
call   13 never executed
branch 14 never executed
branch 15 never executed
    %%%%%:   44-block  4
call   16 never executed
call   17 never executed
        1:   44-block  5
call   18 returned 1
    $$$$$:   44-block  6
    $$$$$:   44-block  7
call   19 never executed
    $$$$$:   44-block  8
    $$$$$:   44-block  9
call   20 never executed
    $$$$$:   44-block 10
    $$$$$:   44-block 11
call   21 never executed
        1:   45:}
------------------
        -:   46:
        -:   47:
        4:   48:TEST_F(WaageTest,TaraTest){
        1:   49:    r->tara();
       1*:   50:    EXPECT_EQ(r->deltaWeight,0);
        -:   51:
        1:   52:}
------------------
_ZN23WaageTest_TaraTest_TestC1Ev:
function _ZN23WaageTest_TaraTest_TestC1Ev called 1 returned 100% blocks executed 100%
        1:   48:TEST_F(WaageTest,TaraTest){
        1:   48-block  0
call    0 returned 1
------------------
_ZN23WaageTest_TaraTest_TestD0Ev:
function _ZN23WaageTest_TaraTest_TestD0Ev called 1 returned 100% blocks executed 100%
        1:   48:TEST_F(WaageTest,TaraTest){
        1:   48-block  0
call    0 returned 1
call    1 returned 1
------------------
_ZN23WaageTest_TaraTest_TestD1Ev:
function _ZN23WaageTest_TaraTest_TestD1Ev called 1 returned 100% blocks executed 100%
        1:   48:TEST_F(WaageTest,TaraTest){
        1:   48-block  0
call    0 returned 1
------------------
_ZN23WaageTest_TaraTest_Test8TestBodyEv:
function _ZN23WaageTest_TaraTest_Test8TestBodyEv called 1 returned 100% blocks executed 29%
        1:   48:TEST_F(WaageTest,TaraTest){
        1:   49:    r->tara();
        1:   49-block  0
call    0 returned 1
       1*:   50:    EXPECT_EQ(r->deltaWeight,0);
call    0 returned 1
branch  1 taken 1 (fallthrough)
branch  2 taken 0 (throw)
        1:   50-block  0
call    3 returned 1
branch  4 taken 0 (fallthrough)
branch  5 taken 1
    %%%%%:   50-block  1
call    6 never executed
branch  7 never executed
branch  8 never executed
    %%%%%:   50-block  2
call    9 never executed
call   10 never executed
branch 11 never executed
branch 12 never executed
    %%%%%:   50-block  3
call   13 never executed
branch 14 never executed
branch 15 never executed
    %%%%%:   50-block  4
call   16 never executed
call   17 never executed
        1:   50-block  5
call   18 returned 1
    $$$$$:   50-block  6
    $$$$$:   50-block  7
call   19 never executed
    $$$$$:   50-block  8
    $$$$$:   50-block  9
call   20 never executed
    $$$$$:   50-block 10
    $$$$$:   50-block 11
call   21 never executed
        -:   51:
        1:   52:}
------------------
        -:   53:
        4:   54:TEST_F(WaageTest,getWeightTest){
        -:   55:
       1*:   56:    EXPECT_EQ(r->getWeight(),r->weight);
        -:   57:
        1:   58:}
------------------
_ZN28WaageTest_getWeightTest_TestC1Ev:
function _ZN28WaageTest_getWeightTest_TestC1Ev called 1 returned 100% blocks executed 100%
        1:   54:TEST_F(WaageTest,getWeightTest){
        1:   54-block  0
call    0 returned 1
------------------
_ZN28WaageTest_getWeightTest_TestD0Ev:
function _ZN28WaageTest_getWeightTest_TestD0Ev called 1 returned 100% blocks executed 100%
        1:   54:TEST_F(WaageTest,getWeightTest){
        1:   54-block  0
call    0 returned 1
call    1 returned 1
------------------
_ZN28WaageTest_getWeightTest_TestD1Ev:
function _ZN28WaageTest_getWeightTest_TestD1Ev called 1 returned 100% blocks executed 100%
        1:   54:TEST_F(WaageTest,getWeightTest){
        1:   54-block  0
call    0 returned 1
------------------
_ZN28WaageTest_getWeightTest_Test8TestBodyEv:
function _ZN28WaageTest_getWeightTest_Test8TestBodyEv called 1 returned 100% blocks executed 29%
        1:   54:TEST_F(WaageTest,getWeightTest){
        -:   55:
       1*:   56:    EXPECT_EQ(r->getWeight(),r->weight);
        1:   56-block  0
call    0 returned 1
branch  1 taken 1 (fallthrough)
branch  2 taken 0 (throw)
        1:   56-block  1
call    3 returned 1
branch  4 taken 1 (fallthrough)
branch  5 taken 0 (throw)
        1:   56-block  2
call    6 returned 1
branch  7 taken 0 (fallthrough)
branch  8 taken 1
    %%%%%:   56-block  3
call    9 never executed
branch 10 never executed
branch 11 never executed
    %%%%%:   56-block  4
call   12 never executed
call   13 never executed
branch 14 never executed
branch 15 never executed
    %%%%%:   56-block  5
call   16 never executed
branch 17 never executed
branch 18 never executed
    %%%%%:   56-block  6
call   19 never executed
call   20 never executed
        1:   56-block  7
call   21 returned 1
    $$$$$:   56-block  8
    $$$$$:   56-block  9
call   22 never executed
    $$$$$:   56-block 10
    $$$$$:   56-block 11
call   23 never executed
    $$$$$:   56-block 12
    $$$$$:   56-block 13
call   24 never executed
        -:   57:
        1:   58:}
------------------
        4:   59:TEST_F(WaageTest,getDeltaWeightTest){
        -:   60:
       1*:   61:    EXPECT_EQ(r->getDelta(),r->deltaWeight);
        -:   62:
        1:   63:}
------------------
_ZN33WaageTest_getDeltaWeightTest_TestC1Ev:
function _ZN33WaageTest_getDeltaWeightTest_TestC1Ev called 1 returned 100% blocks executed 100%
        1:   59:TEST_F(WaageTest,getDeltaWeightTest){
        1:   59-block  0
call    0 returned 1
------------------
_ZN33WaageTest_getDeltaWeightTest_TestD0Ev:
function _ZN33WaageTest_getDeltaWeightTest_TestD0Ev called 1 returned 100% blocks executed 100%
        1:   59:TEST_F(WaageTest,getDeltaWeightTest){
        1:   59-block  0
call    0 returned 1
call    1 returned 1
------------------
_ZN33WaageTest_getDeltaWeightTest_TestD1Ev:
function _ZN33WaageTest_getDeltaWeightTest_TestD1Ev called 1 returned 100% blocks executed 100%
        1:   59:TEST_F(WaageTest,getDeltaWeightTest){
        1:   59-block  0
call    0 returned 1
------------------
_ZN33WaageTest_getDeltaWeightTest_Test8TestBodyEv:
function _ZN33WaageTest_getDeltaWeightTest_Test8TestBodyEv called 1 returned 100% blocks executed 29%
        1:   59:TEST_F(WaageTest,getDeltaWeightTest){
        -:   60:
       1*:   61:    EXPECT_EQ(r->getDelta(),r->deltaWeight);
        1:   61-block  0
call    0 returned 1
branch  1 taken 1 (fallthrough)
branch  2 taken 0 (throw)
        1:   61-block  1
call    3 returned 1
branch  4 taken 1 (fallthrough)
branch  5 taken 0 (throw)
        1:   61-block  2
call    6 returned 1
branch  7 taken 0 (fallthrough)
branch  8 taken 1
    %%%%%:   61-block  3
call    9 never executed
branch 10 never executed
branch 11 never executed
    %%%%%:   61-block  4
call   12 never executed
call   13 never executed
branch 14 never executed
branch 15 never executed
    %%%%%:   61-block  5
call   16 never executed
branch 17 never executed
branch 18 never executed
    %%%%%:   61-block  6
call   19 never executed
call   20 never executed
        1:   61-block  7
call   21 returned 1
    $$$$$:   61-block  8
    $$$$$:   61-block  9
call   22 never executed
    $$$$$:   61-block 10
    $$$$$:   61-block 11
call   23 never executed
    $$$$$:   61-block 12
    $$$$$:   61-block 13
call   24 never executed
        -:   62:
        1:   63:}
------------------
